Nova Data Generator - Generation Log
============================================================

[2025-11-26 16:16:41] Products
  Records: 17
  Status: SUCCESS

[2025-11-26 16:16:42] Daily Sales
  Records: 179632
  Date Range: 2022-02-24 to 2024-01-31
  Status: SUCCESS

[2025-11-26 16:16:50] Transactions
  Records: 53890
  Status: SUCCESS

[2025-11-26 16:16:50] Campaigns
  Records: 43
  Status: SUCCESS

[2025-11-26 16:16:51] Social Media Posts
  Records: 5525
  Status: SUCCESS

[2025-11-26 16:16:51] Product Reviews
  Records: 1661
  Status: SUCCESS

